android/app/build/intermediates/manifest_merge_blame_file/devDebug/processDevDebugMainManifest/manifest-merger-blame-dev-debug-report.txt
1<?xml version="1.0" encoding="utf-8"?>
2<manifest xmlns:android="http://schemas.android.com/apk/res/android"
3    package="net.sumomo_planning.goshopping.dev"
4    android:versionCode="25"
5    android:versionName="1.1.0-dev" >
6
7    <uses-sdk
8        android:minSdkVersion="24"
9        android:targetSdkVersion="36" />
10    <!--
11         The INTERNET permission is required for development. Specifically,
12         the Flutter tool needs it to communicate with the running application
13         to allow setting breakpoints, to provide hot reload, etc.
14    -->
15    <uses-permission android:name="android.permission.INTERNET" />
15-->src\main\AndroidManifest.xml:4:5-67
15-->src\main\AndroidManifest.xml:4:22-64
16    <uses-permission android:name="android.permission.ACCESS_NETWORK_STATE" /> <!-- QRコードスキャン用カメラ権限 -->
16-->src\main\AndroidManifest.xml:5:5-79
16-->src\main\AndroidManifest.xml:5:22-76
17    <uses-permission android:name="android.permission.CAMERA" />
17-->src\main\AndroidManifest.xml:8:5-65
17-->src\main\AndroidManifest.xml:8:22-62
18
19    <uses-feature
19-->src\main\AndroidManifest.xml:9:5-85
20        android:name="android.hardware.camera"
20-->src\main\AndroidManifest.xml:9:19-57
21        android:required="false" /> <!-- 広告ID権限 -->
21-->src\main\AndroidManifest.xml:9:58-82
22    <uses-permission android:name="com.google.android.gms.permission.AD_ID" />
22-->src\main\AndroidManifest.xml:12:5-79
22-->src\main\AndroidManifest.xml:12:22-76
23    <!--
24 Queries declaration to allow querying other apps that support ACTION_PROCESS_TEXT.
25         This is required for text selection features on Android.
26         See https://developer.android.com/reference/android/content/Intent#ACTION_PROCESS_TEXT.
27
28         In particular, this is used by the Flutter engine in io.flutter.plugin.text.ProcessTextPlugin.
29    -->
30    <queries>
30-->src\main\AndroidManifest.xml:39:5-44:15
31        <intent>
31-->src\main\AndroidManifest.xml:40:9-43:18
32            <action android:name="android.intent.action.PROCESS_TEXT" />
32-->src\main\AndroidManifest.xml:41:13-72
32-->src\main\AndroidManifest.xml:41:21-70
33
34            <data android:mimeType="text/plain" />
34-->src\main\AndroidManifest.xml:42:13-50
34-->src\main\AndroidManifest.xml:42:19-48
35        </intent>
36        <intent>
36-->[:android_file_picker] AndroidManifest.xml:8:9-12:18
37            <action android:name="android.intent.action.GET_CONTENT" />
37-->[:android_file_picker] AndroidManifest.xml:9:13-72
37-->[:android_file_picker] AndroidManifest.xml:9:21-69
38
39            <data android:mimeType="*/*" />
39-->src\main\AndroidManifest.xml:42:13-50
39-->src\main\AndroidManifest.xml:42:19-48
40        </intent>
41        <intent>
41-->[com.android.billingclient:billing:8.0.0] AndroidManifest.xml:13:9-15:18
42            <action android:name="com.android.vending.billing.InAppBillingService.BIND" />
42-->[com.android.billingclient:billing:8.0.0] AndroidManifest.xml:14:13-91
42-->[com.android.billingclient:billing:8.0.0] AndroidManifest.xml:14:21-88
43        </intent>
44        <intent>
44-->[com.android.billingclient:billing:8.0.0] AndroidManifest.xml:16:9-18:18
45            <action android:name="com.google.android.apps.play.billingtestcompanion.BillingOverrideService.BIND" />
45-->[com.android.billingclient:billing:8.0.0] AndroidManifest.xml:17:13-116
45-->[com.android.billingclient:billing:8.0.0] AndroidManifest.xml:17:21-113
46        </intent> <!-- For browser content -->
47        <intent>
47-->[com.google.android.gms:play-services-ads-api:25.4.0] AndroidManifest.xml:38:9-44:18
48            <action android:name="android.intent.action.VIEW" />
48-->[com.google.firebase:firebase-auth:24.0.1] AndroidManifest.xml:36:17-69
48-->[com.google.firebase:firebase-auth:24.0.1] AndroidManifest.xml:36:25-66
49
50            <category android:name="android.intent.category.BROWSABLE" />
50-->[com.google.firebase:firebase-auth:24.0.1] AndroidManifest.xml:39:17-78
50-->[com.google.firebase:firebase-auth:24.0.1] AndroidManifest.xml:39:27-75
51
52            <data android:scheme="https" />
52-->src\main\AndroidManifest.xml:42:13-50
53        </intent> <!-- End of browser content -->
54        <!-- For CustomTabsService -->
55        <intent>
55-->[com.google.android.gms:play-services-ads-api:25.4.0] AndroidManifest.xml:47:9-49:18
56            <action android:name="android.support.customtabs.action.CustomTabsService" />
56-->[com.google.android.gms:play-services-ads-api:25.4.0] AndroidManifest.xml:48:13-90
56-->[com.google.android.gms:play-services-ads-api:25.4.0] AndroidManifest.xml:48:21-87
57        </intent> <!-- End of CustomTabsService -->
58        <!-- For MRAID capabilities -->
59        <intent>
59-->[com.google.android.gms:play-services-ads-api:25.4.0] AndroidManifest.xml:52:9-56:18
60            <action android:name="android.intent.action.INSERT" />
60-->[com.google.android.gms:play-services-ads-api:25.4.0] AndroidManifest.xml:53:13-67
60-->[com.google.android.gms:play-services-ads-api:25.4.0] AndroidManifest.xml:53:21-64
61
62            <data android:mimeType="vnd.android.cursor.dir/event" />
62-->src\main\AndroidManifest.xml:42:13-50
62-->src\main\AndroidManifest.xml:42:19-48
63        </intent>
64        <intent>
64-->[com.google.android.gms:play-services-ads-api:25.4.0] AndroidManifest.xml:57:9-61:18
65            <action android:name="android.intent.action.VIEW" />
65-->[com.google.firebase:firebase-auth:24.0.1] AndroidManifest.xml:36:17-69
65-->[com.google.firebase:firebase-auth:24.0.1] AndroidManifest.xml:36:25-66
66
67            <data android:scheme="sms" />
67-->src\main\AndroidManifest.xml:42:13-50
68        </intent>
69        <intent>
69-->[com.google.android.gms:play-services-ads-api:25.4.0] AndroidManifest.xml:62:9-66:18
70            <action android:name="android.intent.action.DIAL" />
70-->[com.google.android.gms:play-services-ads-api:25.4.0] AndroidManifest.xml:63:13-65
70-->[com.google.android.gms:play-services-ads-api:25.4.0] AndroidManifest.xml:63:21-62
71
72            <data android:path="tel:" />
72-->src\main\AndroidManifest.xml:42:13-50
73        </intent>
74
75        <package android:name="com.android.vending" />
75-->[com.google.android.play:hsdp:2.0.1] AndroidManifest.xml:8:9-55
75-->[com.google.android.play:hsdp:2.0.1] AndroidManifest.xml:8:18-52
76    </queries>
77
78    <uses-permission android:name="com.android.vending.BILLING" />
78-->[com.android.billingclient:billing:8.0.0] AndroidManifest.xml:10:5-67
78-->[com.android.billingclient:billing:8.0.0] AndroidManifest.xml:10:22-64
79    <uses-permission android:name="android.permission.WAKE_LOCK" />
79-->[com.google.android.gms:play-services-measurement:23.2.0] AndroidManifest.xml:25:5-68
79-->[com.google.android.gms:play-services-measurement:23.2.0] AndroidManifest.xml:25:22-65
80    <uses-permission android:name="com.google.android.finsky.permission.BIND_GET_INSTALL_REFERRER_SERVICE" />
80-->[com.google.android.gms:play-services-measurement:23.2.0] AndroidManifest.xml:26:5-110
80-->[com.google.android.gms:play-services-measurement:23.2.0] AndroidManifest.xml:26:22-107
81    <uses-permission android:name="android.permission.ACCESS_ADSERVICES_ATTRIBUTION" />
81-->[com.google.android.gms:play-services-measurement-api:23.2.0] AndroidManifest.xml:26:5-88
81-->[com.google.android.gms:play-services-measurement-api:23.2.0] AndroidManifest.xml:26:22-85
82    <uses-permission android:name="android.permission.ACCESS_ADSERVICES_AD_ID" />
82-->[com.google.android.gms:play-services-measurement-api:23.2.0] AndroidManifest.xml:27:5-82
82-->[com.google.android.gms:play-services-measurement-api:23.2.0] AndroidManifest.xml:27:22-79
83    <uses-permission android:name="android.permission.ACCESS_ADSERVICES_TOPICS" />
83-->[com.google.android.gms:play-services-ads-api:25.4.0] AndroidManifest.xml:29:5-83
83-->[com.google.android.gms:play-services-ads-api:25.4.0] AndroidManifest.xml:29:22-80
84    <uses-permission android:name="com.google.android.providers.gsf.permission.READ_GSERVICES" />
84-->[com.google.android.recaptcha:recaptcha:18.6.1] AndroidManifest.xml:9:5-98
84-->[com.google.android.recaptcha:recaptcha:18.6.1] AndroidManifest.xml:9:22-95
85    <uses-permission android:name="android.permission.FOREGROUND_SERVICE" />
85-->[androidx.work:work-runtime:2.7.0] AndroidManifest.xml:28:5-77
85-->[androidx.work:work-runtime:2.7.0] AndroidManifest.xml:28:22-74
86
87    <permission
87-->[androidx.core:core:1.18.0] AndroidManifest.xml:22:5-24:47
88        android:name="net.sumomo_planning.goshopping.dev.DYNAMIC_RECEIVER_NOT_EXPORTED_PERMISSION"
88-->[androidx.core:core:1.18.0] AndroidManifest.xml:23:9-81
89        android:protectionLevel="signature" />
89-->[androidx.core:core:1.18.0] AndroidManifest.xml:24:9-44
90
91    <uses-permission android:name="net.sumomo_planning.goshopping.dev.DYNAMIC_RECEIVER_NOT_EXPORTED_PERMISSION" />
91-->[androidx.core:core:1.18.0] AndroidManifest.xml:26:5-97
91-->[androidx.core:core:1.18.0] AndroidManifest.xml:26:22-94
92
93    <application
93-->src\main\AndroidManifest.xml:14:5-32:19
94        android:appComponentFactory="androidx.core.app.CoreComponentFactory"
94-->[androidx.core:core:1.18.0] AndroidManifest.xml:28:18-86
95        android:debuggable="true"
96        android:extractNativeLibs="false"
97        android:icon="@mipmap/ic_launcher"
97-->src\main\AndroidManifest.xml:14:45-79
98        android:label="goshopping"
98-->src\main\AndroidManifest.xml:14:18-44
99        android:usesCleartextTraffic="false" >
99-->src\main\AndroidManifest.xml:14:80-116
100        <activity
100-->src\main\AndroidManifest.xml:15:9-25:20
101            android:name="net.sumomo_planning.goshopping.MainActivity"
101-->src\main\AndroidManifest.xml:15:19-47
102            android:configChanges="orientation|keyboardHidden|keyboard|screenSize|smallestScreenSize|locale|layoutDirection|fontScale|screenLayout|density|uiMode"
102-->src\main\AndroidManifest.xml:15:162-312
103            android:exported="true"
103-->src\main\AndroidManifest.xml:15:48-71
104            android:hardwareAccelerated="true"
104-->src\main\AndroidManifest.xml:15:313-347
105            android:launchMode="singleTop"
105-->src\main\AndroidManifest.xml:15:72-102
106            android:taskAffinity=""
106-->src\main\AndroidManifest.xml:15:103-126
107            android:theme="@style/LaunchTheme"
107-->src\main\AndroidManifest.xml:15:127-161
108            android:windowSoftInputMode="adjustResize" >
108-->src\main\AndroidManifest.xml:15:348-390
109
110            <!--
111                 Specifies an Android theme to apply to this Activity as soon as
112                 the Android process has started. This theme is visible to the user
113                 while the Flutter UI initializes. After that, this theme continues
114                 to determine the Window background behind the Flutter UI.
115            -->
116            <meta-data
116-->src\main\AndroidManifest.xml:20:13-120
117                android:name="io.flutter.embedding.android.NormalTheme"
117-->src\main\AndroidManifest.xml:20:24-79
118                android:resource="@style/NormalTheme" />
118-->src\main\AndroidManifest.xml:20:80-117
119
120            <intent-filter>
120-->src\main\AndroidManifest.xml:21:13-24:29
121                <action android:name="android.intent.action.MAIN" />
121-->src\main\AndroidManifest.xml:22:17-68
121-->src\main\AndroidManifest.xml:22:25-66
122
123                <category android:name="android.intent.category.LAUNCHER" />
123-->src\main\AndroidManifest.xml:23:17-76
123-->src\main\AndroidManifest.xml:23:27-74
124            </intent-filter>
125        </activity>
126        <!--
127             Don't delete the meta-data below.
128             This is used by the Flutter tool to generate GeneratedPluginRegistrant.java
129        -->
130        <meta-data
130-->src\main\AndroidManifest.xml:28:9-72
131            android:name="flutterEmbedding"
131-->src\main\AndroidManifest.xml:28:20-51
132            android:value="2" />
132-->src\main\AndroidManifest.xml:28:52-69
133
134        <!-- AdMob App ID -->
135        <meta-data
135-->src\main\AndroidManifest.xml:31:9-134
136            android:name="com.google.android.gms.ads.APPLICATION_ID"
136-->src\main\AndroidManifest.xml:31:20-76
137            android:value="ca-app-pub-7163325066755382~2053597705" />
137-->src\main\AndroidManifest.xml:31:77-131
138
139        <service
139-->[:cloud_firestore] AndroidManifest.xml:8:9-12:19
140            android:name="com.google.firebase.components.ComponentDiscoveryService"
140-->[:cloud_firestore] AndroidManifest.xml:8:18-89
141            android:directBootAware="true"
141-->[com.google.firebase:firebase-common:22.0.1] AndroidManifest.xml:32:13-43
142            android:exported="false" >
142-->[com.google.firebase:firebase-auth:24.0.1] AndroidManifest.xml:68:13-37
143            <meta-data
143-->[:cloud_firestore] AndroidManifest.xml:9:13-11:85
144                android:name="com.google.firebase.components:io.flutter.plugins.firebase.firestore.FlutterFirebaseFirestoreRegistrar"
144-->[:cloud_firestore] AndroidManifest.xml:10:17-134
145                android:value="com.google.firebase.components.ComponentRegistrar" />
145-->[:cloud_firestore] AndroidManifest.xml:11:17-82
146            <meta-data
146-->[:firebase_app_check] AndroidManifest.xml:9:13-11:85
147                android:name="com.google.firebase.components:io.flutter.plugins.firebase.appcheck.FlutterFirebaseAppRegistrar"
147-->[:firebase_app_check] AndroidManifest.xml:10:17-127
148                android:value="com.google.firebase.components.ComponentRegistrar" />
148-->[:firebase_app_check] AndroidManifest.xml:11:17-82
149            <meta-data
149-->[:firebase_auth] AndroidManifest.xml:9:13-11:85
150                android:name="com.google.firebase.components:io.flutter.plugins.firebase.auth.FlutterFirebaseAuthRegistrar"
150-->[:firebase_auth] AndroidManifest.xml:10:17-124
151                android:value="com.google.firebase.components.ComponentRegistrar" />
151-->[:firebase_auth] AndroidManifest.xml:11:17-82
152            <meta-data
152-->[:firebase_crashlytics] AndroidManifest.xml:9:13-11:85
153                android:name="com.google.firebase.components:io.flutter.plugins.firebase.crashlytics.FlutterFirebaseAppRegistrar"
153-->[:firebase_crashlytics] AndroidManifest.xml:10:17-130
154                android:value="com.google.firebase.components.ComponentRegistrar" />
154-->[:firebase_crashlytics] AndroidManifest.xml:11:17-82
155            <meta-data
155-->[:firebase_core] AndroidManifest.xml:9:13-11:85
156                android:name="com.google.firebase.components:io.flutter.plugins.firebase.core.FlutterFirebaseCoreRegistrar"
156-->[:firebase_core] AndroidManifest.xml:10:17-124
157                android:value="com.google.firebase.components.ComponentRegistrar" />
157-->[:firebase_core] AndroidManifest.xml:11:17-82
158            <meta-data
158-->[com.google.firebase:firebase-auth:24.0.1] AndroidManifest.xml:69:13-71:85
159                android:name="com.google.firebase.components:com.google.firebase.auth.FirebaseAuthRegistrar"
159-->[com.google.firebase:firebase-auth:24.0.1] AndroidManifest.xml:70:17-109
160                android:value="com.google.firebase.components.ComponentRegistrar" />
160-->[com.google.firebase:firebase-auth:24.0.1] AndroidManifest.xml:71:17-82
161            <meta-data
161-->[com.google.firebase:firebase-firestore:26.2.0] AndroidManifest.xml:17:13-19:85
162                android:name="com.google.firebase.components:com.google.firebase.firestore.FirebaseFirestoreKtxRegistrar"
162-->[com.google.firebase:firebase-firestore:26.2.0] AndroidManifest.xml:18:17-122
163                android:value="com.google.firebase.components.ComponentRegistrar" />
163-->[com.google.firebase:firebase-firestore:26.2.0] AndroidManifest.xml:19:17-82
164            <meta-data
164-->[com.google.firebase:firebase-firestore:26.2.0] AndroidManifest.xml:20:13-22:85
165                android:name="com.google.firebase.components:com.google.firebase.firestore.FirestoreRegistrar"
165-->[com.google.firebase:firebase-firestore:26.2.0] AndroidManifest.xml:21:17-111
166                android:value="com.google.firebase.components.ComponentRegistrar" />
166-->[com.google.firebase:firebase-firestore:26.2.0] AndroidManifest.xml:22:17-82
167            <meta-data
167-->[com.google.firebase:firebase-appcheck-debug:19.0.2] AndroidManifest.xml:25:13-27:85
168                android:name="com.google.firebase.components:com.google.firebase.appcheck.debug.FirebaseAppCheckDebugRegistrar"
168-->[com.google.firebase:firebase-appcheck-debug:19.0.2] AndroidManifest.xml:26:17-128
169                android:value="com.google.firebase.components.ComponentRegistrar" />
169-->[com.google.firebase:firebase-appcheck-debug:19.0.2] AndroidManifest.xml:27:17-82
170            <meta-data
170-->[com.google.firebase:firebase-appcheck-playintegrity:19.0.2] AndroidManifest.xml:25:13-27:85
171                android:name="com.google.firebase.components:com.google.firebase.appcheck.playintegrity.FirebaseAppCheckPlayIntegrityRegistrar"
171-->[com.google.firebase:firebase-appcheck-playintegrity:19.0.2] AndroidManifest.xml:26:17-144
172                android:value="com.google.firebase.components.ComponentRegistrar" />
172-->[com.google.firebase:firebase-appcheck-playintegrity:19.0.2] AndroidManifest.xml:27:17-82
173            <meta-data
173-->[com.google.firebase:firebase-appcheck:19.0.2] AndroidManifest.xml:25:13-27:85
174                android:name="com.google.firebase.components:com.google.firebase.appcheck.FirebaseAppCheckKtxRegistrar"
174-->[com.google.firebase:firebase-appcheck:19.0.2] AndroidManifest.xml:26:17-120
175                android:value="com.google.firebase.components.ComponentRegistrar" />
175-->[com.google.firebase:firebase-appcheck:19.0.2] AndroidManifest.xml:27:17-82
176            <meta-data
176-->[com.google.firebase:firebase-appcheck:19.0.2] AndroidManifest.xml:28:13-30:85
177                android:name="com.google.firebase.components:com.google.firebase.appcheck.FirebaseAppCheckRegistrar"
177-->[com.google.firebase:firebase-appcheck:19.0.2] AndroidManifest.xml:29:17-117
178                android:value="com.google.firebase.components.ComponentRegistrar" />
178-->[com.google.firebase:firebase-appcheck:19.0.2] AndroidManifest.xml:30:17-82
179            <meta-data
179-->[com.google.firebase:firebase-crashlytics:20.0.5] AndroidManifest.xml:15:13-17:85
180                android:name="com.google.firebase.components:com.google.firebase.crashlytics.FirebaseCrashlyticsKtxRegistrar"
180-->[com.google.firebase:firebase-crashlytics:20.0.5] AndroidManifest.xml:16:17-126
181                android:value="com.google.firebase.components.ComponentRegistrar" />
181-->[com.google.firebase:firebase-crashlytics:20.0.5] AndroidManifest.xml:17:17-82
182            <meta-data
182-->[com.google.firebase:firebase-crashlytics:20.0.5] AndroidManifest.xml:18:13-20:85
183                android:name="com.google.firebase.components:com.google.firebase.crashlytics.CrashlyticsRegistrar"
183-->[com.google.firebase:firebase-crashlytics:20.0.5] AndroidManifest.xml:19:17-115
184                android:value="com.google.firebase.components.ComponentRegistrar" />
184-->[com.google.firebase:firebase-crashlytics:20.0.5] AndroidManifest.xml:20:17-82
185            <meta-data
185-->[com.google.android.gms:play-services-measurement-api:23.2.0] AndroidManifest.xml:33:13-35:85
186                android:name="com.google.firebase.components:com.google.firebase.analytics.connector.internal.AnalyticsConnectorRegistrar"
186-->[com.google.android.gms:play-services-measurement-api:23.2.0] AndroidManifest.xml:34:17-139
187                android:value="com.google.firebase.components.ComponentRegistrar" />
187-->[com.google.android.gms:play-services-measurement-api:23.2.0] AndroidManifest.xml:35:17-82
188            <meta-data
188-->[com.google.firebase:firebase-sessions:3.0.5] AndroidManifest.xml:29:13-31:85
189                android:name="com.google.firebase.components:com.google.firebase.sessions.FirebaseSessionsRegistrar"
189-->[com.google.firebase:firebase-sessions:3.0.5] AndroidManifest.xml:30:17-117
190                android:value="com.google.firebase.components.ComponentRegistrar" />
190-->[com.google.firebase:firebase-sessions:3.0.5] AndroidManifest.xml:31:17-82
191            <meta-data
191-->[com.google.firebase:firebase-installations:19.1.0] AndroidManifest.xml:15:13-17:85
192                android:name="com.google.firebase.components:com.google.firebase.installations.FirebaseInstallationsKtxRegistrar"
192-->[com.google.firebase:firebase-installations:19.1.0] AndroidManifest.xml:16:17-130
193                android:value="com.google.firebase.components.ComponentRegistrar" />
193-->[com.google.firebase:firebase-installations:19.1.0] AndroidManifest.xml:17:17-82
194            <meta-data
194-->[com.google.firebase:firebase-installations:19.1.0] AndroidManifest.xml:18:13-20:85
195                android:name="com.google.firebase.components:com.google.firebase.installations.FirebaseInstallationsRegistrar"
195-->[com.google.firebase:firebase-installations:19.1.0] AndroidManifest.xml:19:17-127
196                android:value="com.google.firebase.components.ComponentRegistrar" />
196-->[com.google.firebase:firebase-installations:19.1.0] AndroidManifest.xml:20:17-82
197            <meta-data
197-->[com.google.firebase:firebase-common:22.0.1] AndroidManifest.xml:35:13-37:85
198                android:name="com.google.firebase.components:com.google.firebase.FirebaseCommonKtxRegistrar"
198-->[com.google.firebase:firebase-common:22.0.1] AndroidManifest.xml:36:17-109
199                android:value="com.google.firebase.components.ComponentRegistrar" />
199-->[com.google.firebase:firebase-common:22.0.1] AndroidManifest.xml:37:17-82
200            <meta-data
200-->[com.google.firebase:firebase-datatransport:19.0.0] AndroidManifest.xml:25:13-27:85
201                android:name="com.google.firebase.components:com.google.firebase.datatransport.TransportRegistrar"
201-->[com.google.firebase:firebase-datatransport:19.0.0] AndroidManifest.xml:26:17-115
202                android:value="com.google.firebase.components.ComponentRegistrar" />
202-->[com.google.firebase:firebase-datatransport:19.0.0] AndroidManifest.xml:27:17-82
203        </service>
204
205        <meta-data
205-->[:google_mobile_ads] AndroidManifest.xml:10:9-12:36
206            android:name="io.flutter.embedded_views_preview"
206-->[:google_mobile_ads] AndroidManifest.xml:11:13-61
207            android:value="true" />
207-->[:google_mobile_ads] AndroidManifest.xml:12:13-33
208        <!--
209           Declares a provider which allows us to store files to share in
210           '.../caches/share_plus' and grant the receiving action access
211        -->
212        <provider
212-->[:share_plus] AndroidManifest.xml:13:9-21:20
213            android:name="dev.fluttercommunity.plus.share.ShareFileProvider"
213-->[:share_plus] AndroidManifest.xml:14:13-77
214            android:authorities="net.sumomo_planning.goshopping.dev.flutter.share_provider"
214-->[:share_plus] AndroidManifest.xml:15:13-74
215            android:exported="false"
215-->[:share_plus] AndroidManifest.xml:16:13-37
216            android:grantUriPermissions="true" >
216-->[:share_plus] AndroidManifest.xml:17:13-47
217            <meta-data
217-->[:share_plus] AndroidManifest.xml:18:13-20:68
218                android:name="android.support.FILE_PROVIDER_PATHS"
218-->[:share_plus] AndroidManifest.xml:19:17-67
219                android:resource="@xml/flutter_share_file_paths" />
219-->[:share_plus] AndroidManifest.xml:20:17-65
220        </provider>
221        <!--
222           This manifest declared broadcast receiver allows us to use an explicit
223           Intent when creating a PendingItent to be informed of the user's choice
224        -->
225        <receiver
225-->[:share_plus] AndroidManifest.xml:26:9-32:20
226            android:name="dev.fluttercommunity.plus.share.SharePlusPendingIntent"
226-->[:share_plus] AndroidManifest.xml:27:13-82
227            android:exported="false" >
227-->[:share_plus] AndroidManifest.xml:28:13-37
228            <intent-filter>
228-->[:share_plus] AndroidManifest.xml:29:13-31:29
229                <action android:name="EXTRA_CHOSEN_COMPONENT" />
229-->[:share_plus] AndroidManifest.xml:30:17-65
229-->[:share_plus] AndroidManifest.xml:30:25-62
230            </intent-filter>
231        </receiver>
232
233        <activity
233-->[:url_launcher_android] AndroidManifest.xml:8:9-11:74
234            android:name="io.flutter.plugins.urllauncher.WebViewActivity"
234-->[:url_launcher_android] AndroidManifest.xml:9:13-74
235            android:exported="false"
235-->[:url_launcher_android] AndroidManifest.xml:10:13-37
236            android:theme="@android:style/Theme.NoTitleBar.Fullscreen" />
236-->[:url_launcher_android] AndroidManifest.xml:11:13-71
237        <activity
237-->[com.google.firebase:firebase-auth:24.0.1] AndroidManifest.xml:29:9-46:20
238            android:name="com.google.firebase.auth.internal.GenericIdpActivity"
238-->[com.google.firebase:firebase-auth:24.0.1] AndroidManifest.xml:30:13-80
239            android:excludeFromRecents="true"
239-->[com.google.firebase:firebase-auth:24.0.1] AndroidManifest.xml:31:13-46
240            android:exported="true"
240-->[com.google.firebase:firebase-auth:24.0.1] AndroidManifest.xml:32:13-36
241            android:launchMode="singleTask"
241-->[com.google.firebase:firebase-auth:24.0.1] AndroidManifest.xml:33:13-44
242            android:theme="@android:style/Theme.Translucent.NoTitleBar" >
242-->[com.google.firebase:firebase-auth:24.0.1] AndroidManifest.xml:34:13-72
243            <intent-filter>
243-->[com.google.firebase:firebase-auth:24.0.1] AndroidManifest.xml:35:13-45:29
244                <action android:name="android.intent.action.VIEW" />
244-->[com.google.firebase:firebase-auth:24.0.1] AndroidManifest.xml:36:17-69
244-->[com.google.firebase:firebase-auth:24.0.1] AndroidManifest.xml:36:25-66
245
246                <category android:name="android.intent.category.DEFAULT" />
246-->[com.google.firebase:firebase-auth:24.0.1] AndroidManifest.xml:38:17-76
246-->[com.google.firebase:firebase-auth:24.0.1] AndroidManifest.xml:38:27-73
247                <category android:name="android.intent.category.BROWSABLE" />
247-->[com.google.firebase:firebase-auth:24.0.1] AndroidManifest.xml:39:17-78
247-->[com.google.firebase:firebase-auth:24.0.1] AndroidManifest.xml:39:27-75
248
249                <data
249-->src\main\AndroidManifest.xml:42:13-50
250                    android:host="firebase.auth"
251                    android:path="/"
252                    android:scheme="genericidp" />
253            </intent-filter>
254        </activity>
255        <activity
255-->[com.google.firebase:firebase-auth:24.0.1] AndroidManifest.xml:47:9-64:20
256            android:name="com.google.firebase.auth.internal.RecaptchaActivity"
256-->[com.google.firebase:firebase-auth:24.0.1] AndroidManifest.xml:48:13-79
257            android:excludeFromRecents="true"
257-->[com.google.firebase:firebase-auth:24.0.1] AndroidManifest.xml:49:13-46
258            android:exported="true"
258-->[com.google.firebase:firebase-auth:24.0.1] AndroidManifest.xml:50:13-36
259            android:launchMode="singleTask"
259-->[com.google.firebase:firebase-auth:24.0.1] AndroidManifest.xml:51:13-44
260            android:theme="@android:style/Theme.Translucent.NoTitleBar" >
260-->[com.google.firebase:firebase-auth:24.0.1] AndroidManifest.xml:52:13-72
261            <intent-filter>
261-->[com.google.firebase:firebase-auth:24.0.1] AndroidManifest.xml:53:13-63:29
262                <action android:name="android.intent.action.VIEW" />
262-->[com.google.firebase:firebase-auth:24.0.1] AndroidManifest.xml:36:17-69
262-->[com.google.firebase:firebase-auth:24.0.1] AndroidManifest.xml:36:25-66
263
264                <category android:name="android.intent.category.DEFAULT" />
264-->[com.google.firebase:firebase-auth:24.0.1] AndroidManifest.xml:38:17-76
264-->[com.google.firebase:firebase-auth:24.0.1] AndroidManifest.xml:38:27-73
265                <category android:name="android.intent.category.BROWSABLE" />
265-->[com.google.firebase:firebase-auth:24.0.1] AndroidManifest.xml:39:17-78
265-->[com.google.firebase:firebase-auth:24.0.1] AndroidManifest.xml:39:27-75
266
267                <data
267-->src\main\AndroidManifest.xml:42:13-50
268                    android:host="firebase.auth"
269                    android:path="/"
270                    android:scheme="recaptcha" />
271            </intent-filter>
272        </activity>
273
274        <meta-data
274-->[com.android.billingclient:billing:8.0.0] AndroidManifest.xml:22:9-24:37
275            android:name="com.google.android.play.billingclient.version"
275-->[com.android.billingclient:billing:8.0.0] AndroidManifest.xml:23:13-73
276            android:value="8.0.0" />
276-->[com.android.billingclient:billing:8.0.0] AndroidManifest.xml:24:13-34
277
278        <activity
278-->[com.android.billingclient:billing:8.0.0] AndroidManifest.xml:26:9-30:75
279            android:name="com.android.billingclient.api.ProxyBillingActivity"
279-->[com.android.billingclient:billing:8.0.0] AndroidManifest.xml:27:13-78
280            android:configChanges="keyboard|keyboardHidden|screenLayout|screenSize|orientation"
280-->[com.android.billingclient:billing:8.0.0] AndroidManifest.xml:28:13-96
281            android:exported="false"
281-->[com.android.billingclient:billing:8.0.0] AndroidManifest.xml:29:13-37
282            android:theme="@android:style/Theme.Translucent.NoTitleBar" />
282-->[com.android.billingclient:billing:8.0.0] AndroidManifest.xml:30:13-72
283        <activity